0 info it worked if it ends with ok
1 verbose cli [ 'node', '/usr/local/bin/npm', 'install', 'node-dev', '-g' ]
2 info using npm@2.5.1
3 info using node@v0.12.0
4 silly cache add args [ 'node-dev', null ]
5 verbose cache add spec node-dev
6 silly cache add parsed spec { raw: 'node-dev',
6 silly cache add   scope: null,
6 silly cache add   name: 'node-dev',
6 silly cache add   rawSpec: '',
6 silly cache add   spec: '*',
6 silly cache add   type: 'range' }
7 verbose addNamed node-dev@*
8 silly addNamed semver.valid null
9 silly addNamed semver.validRange *
10 silly addNameRange { name: 'node-dev', range: '*', hasData: false }
11 silly mapToRegistry name node-dev
12 silly mapToRegistry using default registry
13 silly mapToRegistry registry https://registry.npmjs.org/
14 silly mapToRegistry uri https://registry.npmjs.org/node-dev
15 verbose addNameRange registry:https://registry.npmjs.org/node-dev not in flight; fetching
16 verbose request uri https://registry.npmjs.org/node-dev
17 verbose request no auth needed
18 info attempt registry request try #1 at 11:20:22 PM
19 verbose request id f3216360a1b800df
20 http request GET https://registry.npmjs.org/node-dev
21 http 200 https://registry.npmjs.org/node-dev
22 silly get cb [ 200,
22 silly get   { server: 'CouchDB/1.5.0 (Erlang OTP/R16B03)',
22 silly get     etag: '"8X4HTTHN44CO77HQ0UU6PIDR5"',
22 silly get     'content-type': 'application/json',
22 silly get     'cache-control': 'max-age=60',
22 silly get     'content-length': '43468',
22 silly get     'accept-ranges': 'bytes',
22 silly get     date: 'Thu, 14 May 2015 20:20:22 GMT',
22 silly get     via: '1.1 varnish',
22 silly get     age: '0',
22 silly get     connection: 'keep-alive',
22 silly get     'x-served-by': 'cache-lhr6334-LHR',
22 silly get     'x-cache': 'MISS',
22 silly get     'x-cache-hits': '0',
22 silly get     'x-timer': 'S1431634822.413621,VS0,VE516',
22 silly get     vary: 'Accept' } ]
23 verbose get saving node-dev to /Users/nataliemenahem/.npm/registry.npmjs.org/node-dev/.cache.json
24 silly addNameRange number 2 { name: 'node-dev', range: '*', hasData: true }
25 silly addNameRange versions [ 'node-dev',
25 silly addNameRange   [ '0.1.3',
25 silly addNameRange     '0.1.4',
25 silly addNameRange     '0.1.5',
25 silly addNameRange     '0.1.6',
25 silly addNameRange     '0.1.8',
25 silly addNameRange     '0.1.9',
25 silly addNameRange     '0.2.0',
25 silly addNameRange     '0.2.1',
25 silly addNameRange     '0.2.2',
25 silly addNameRange     '0.2.3',
25 silly addNameRange     '0.2.4',
25 silly addNameRange     '0.2.5',
25 silly addNameRange     '0.2.6',
25 silly addNameRange     '0.2.7',
25 silly addNameRange     '0.2.8',
25 silly addNameRange     '0.2.9',
25 silly addNameRange     '0.2.10',
25 silly addNameRange     '0.3.0',
25 silly addNameRange     '2.0.0',
25 silly addNameRange     '2.0.1',
25 silly addNameRange     '2.0.2',
25 silly addNameRange     '2.1.0',
25 silly addNameRange     '2.1.1',
25 silly addNameRange     '2.1.2',
25 silly addNameRange     '2.1.3',
25 silly addNameRange     '2.1.4',
25 silly addNameRange     '2.1.5',
25 silly addNameRange     '2.1.6',
25 silly addNameRange     '2.2.0',
25 silly addNameRange     '2.3.0',
25 silly addNameRange     '2.4.0',
25 silly addNameRange     '2.4.1',
25 silly addNameRange     '2.5.0',
25 silly addNameRange     '2.6.0',
25 silly addNameRange     '2.6.1' ] ]
26 verbose addNamed node-dev@2.6.1
27 silly addNamed semver.valid 2.6.1
28 silly addNamed semver.validRange 2.6.1
29 silly mapToRegistry name node-dev
30 silly mapToRegistry using default registry
31 silly mapToRegistry registry https://registry.npmjs.org/
32 silly mapToRegistry uri https://registry.npmjs.org/node-dev
33 verbose addRemoteTarball https://registry.npmjs.org/node-dev/-/node-dev-2.6.1.tgz not in flight; adding
34 verbose addRemoteTarball [ 'https://registry.npmjs.org/node-dev/-/node-dev-2.6.1.tgz',
34 verbose addRemoteTarball   '40def287d1794c9d5d10529b21d1a7224f8c5567' ]
35 info retry fetch attempt 1 at 11:20:23 PM
36 info attempt registry request try #1 at 11:20:23 PM
37 http fetch GET https://registry.npmjs.org/node-dev/-/node-dev-2.6.1.tgz
38 http fetch 200 https://registry.npmjs.org/node-dev/-/node-dev-2.6.1.tgz
39 silly fetchAndShaCheck shasum 40def287d1794c9d5d10529b21d1a7224f8c5567
40 verbose addTmpTarball /var/folders/f_/j7r8krbd4vggn1v49wql3jr80000gn/T/npm-11050-5f9be26a/registry.npmjs.org/node-dev/-/node-dev-2.6.1.tgz not in flight; adding
41 verbose addTmpTarball already have metadata; skipping unpack for node-dev@2.6.1
42 silly cache afterAdd node-dev@2.6.1
43 verbose afterAdd /Users/nataliemenahem/.npm/node-dev/2.6.1/package/package.json not in flight; writing
44 verbose afterAdd /Users/nataliemenahem/.npm/node-dev/2.6.1/package/package.json written
45 silly install resolved [ { name: 'node-dev',
45 silly install resolved     version: '2.6.1',
45 silly install resolved     description: 'Restarts your app when files are modified',
45 silly install resolved     keywords: [ 'restart', 'reload', 'supervisor', 'monitor', 'watch' ],
45 silly install resolved     author: { name: 'Felix Gnass' },
45 silly install resolved     repository: { type: 'git', url: 'http://github.com/fgnass/node-dev.git' },
45 silly install resolved     license: 'MIT',
45 silly install resolved     bin: { 'node-dev': './bin/node-dev' },
45 silly install resolved     main: './lib',
45 silly install resolved     preferGlobal: true,
45 silly install resolved     engines: { node: '>=0.8.0' },
45 silly install resolved     scripts: { test: 'node test' },
45 silly install resolved     dependencies:
45 silly install resolved      { dateformat: '~1.0.4-1.2.3',
45 silly install resolved        'dynamic-dedupe': '^0.2.0',
45 silly install resolved        filewatcher: '~1.1.1',
45 silly install resolved        'node-notifier': '^4.0.2',
45 silly install resolved        resolve: '^1.0.0' },
45 silly install resolved     devDependencies: { 'coffee-script': '^1.8.0', tap: '^0.4.13' },
45 silly install resolved     gitHead: '837ca07407728f049aca0b262c4ad207ff26343a',
45 silly install resolved     bugs: { url: 'https://github.com/fgnass/node-dev/issues' },
45 silly install resolved     homepage: 'https://github.com/fgnass/node-dev',
45 silly install resolved     _id: 'node-dev@2.6.1',
45 silly install resolved     _shasum: '40def287d1794c9d5d10529b21d1a7224f8c5567',
45 silly install resolved     _from: 'node-dev@*',
45 silly install resolved     _npmVersion: '2.5.1',
45 silly install resolved     _nodeVersion: '0.12.0',
45 silly install resolved     _npmUser: { name: 'fgnass', email: 'fgnass@gmail.com' },
45 silly install resolved     maintainers: [ [Object] ],
45 silly install resolved     dist:
45 silly install resolved      { shasum: '40def287d1794c9d5d10529b21d1a7224f8c5567',
45 silly install resolved        tarball: 'http://registry.npmjs.org/node-dev/-/node-dev-2.6.1.tgz' },
45 silly install resolved     directories: {},
45 silly install resolved     _resolved: 'https://registry.npmjs.org/node-dev/-/node-dev-2.6.1.tgz' } ]
46 info install node-dev@2.6.1 into /usr/local/lib
47 info installOne node-dev@2.6.1
48 verbose installOne of node-dev to /usr/local/lib not in flight; installing
49 verbose lock using /Users/nataliemenahem/.npm/_locks/node-dev-416a53f8046d7165.lock for /usr/local/lib/node_modules/node-dev
50 silly install write writing node-dev 2.6.1 to /usr/local/lib/node_modules/node-dev
51 silly cache addNamed cb node-dev@2.6.1
52 verbose unbuild lib/node_modules/node-dev
53 verbose gentlyRm vacuuming /usr/local/lib/node_modules/node-dev
54 verbose tar unpack /Users/nataliemenahem/.npm/node-dev/2.6.1/package.tgz
55 verbose tar unpacking to /usr/local/lib/node_modules/node-dev
56 verbose gentlyRm vacuuming /usr/local/lib/node_modules/node-dev
57 silly gunzTarPerm modes [ '755', '644' ]
58 error tar.unpack untar error /Users/nataliemenahem/.npm/node-dev/2.6.1/package.tgz
59 verbose unlock done using /Users/nataliemenahem/.npm/_locks/node-dev-416a53f8046d7165.lock for /usr/local/lib/node_modules/node-dev
60 verbose fstream_path /usr/local/lib/node_modules/node-dev
61 verbose fstream_type Directory
62 verbose fstream_class DirWriter
63 verbose stack Error: EACCES, mkdir '/usr/local/lib/node_modules/node-dev'
63 verbose stack     at Error (native)
64 verbose fstream_stack /usr/local/lib/node_modules/npm/node_modules/fstream/lib/dir-writer.js:36:23
64 verbose fstream_stack /usr/local/lib/node_modules/npm/node_modules/mkdirp/index.js:46:53
64 verbose fstream_stack FSReqWrap.oncomplete (fs.js:99:15)
65 verbose cwd /Library/WebServer/Documents/WS_EX1
66 error Darwin 14.3.0
67 error argv "node" "/usr/local/bin/npm" "install" "node-dev" "-g"
68 error node v0.12.0
69 error npm  v2.5.1
70 error path /usr/local/lib/node_modules/node-dev
71 error code EACCES
72 error errno -13
73 error Error: EACCES, mkdir '/usr/local/lib/node_modules/node-dev'
73 error     at Error (native)
73 error  { [Error: EACCES, mkdir '/usr/local/lib/node_modules/node-dev']
73 error   errno: -13,
73 error   code: 'EACCES',
73 error   path: '/usr/local/lib/node_modules/node-dev',
73 error   fstream_type: 'Directory',
73 error   fstream_path: '/usr/local/lib/node_modules/node-dev',
73 error   fstream_class: 'DirWriter',
73 error   fstream_stack:
73 error    [ '/usr/local/lib/node_modules/npm/node_modules/fstream/lib/dir-writer.js:36:23',
73 error      '/usr/local/lib/node_modules/npm/node_modules/mkdirp/index.js:46:53',
73 error      'FSReqWrap.oncomplete (fs.js:99:15)' ] }
74 error Please try running this command again as root/Administrator.
75 verbose exit [ -13, true ]
76 verbose unbuild lib/node_modules/node-dev
77 verbose gentlyRm vacuuming /usr/local/lib/node_modules/node-dev
